#
# A fatal error has been detected by the Java Runtime Environment:
#
#  SIGSEGV (0xb) at pc=0x00007fff9c0d45c1, pid=8875, tid=4867
#
# JRE version: Java(TM) SE Runtime Environment (8.0_45-b14) (build 1.8.0_45-b14)
# Java VM: Java HotSpot(TM) 64-Bit Server VM (25.45-b02 mixed mode bsd-amd64 compressed oops)
# Problematic frame:
# C  [libsystem_pthread.dylib+0x15c1]  _pthread_mutex_lock+0x17
#
# Failed to write core dump. Core dumps have been disabled. To enable core dumping, try "ulimit -c unlimited" before starting Java again
#
# If you would like to submit a bug report, please visit:
#   http://bugreport.java.com/bugreport/crash.jsp
# The crash happened outside the Java Virtual Machine in native code.
# See problematic frame for where to report the bug.
#

---------------  T H R E A D  ---------------

Current thread (0x00007fa385801800):  JavaThread "main" [_thread_in_native, id=4867, stack(0x000000010b56a000,0x000000010b66a000)]

siginfo: si_signo: 11 (SIGSEGV), si_code: 1 (SEGV_MAPERR), si_addr: 0x0000000030b1bcc2

Registers:
RAX=0x0000000000000000, RBX=0x0000000030b1bcc2, RCX=0x0000000000000000, RDX=0x0000000000000601
RSP=0x000000010b667750, RBP=0x000000010b6677d0, RSI=0x0000000000000000, RDI=0x0000000030b1bcc2
R8 =0x0000000000000001, R9 =0x0000000000000600, R10=0x000000010b667770, R11=0x00007fff8d109db8
R12=0x0000000000000008, R13=0x0000000000000003, R14=0x0000000000000008, R15=0x0000000000000000
RIP=0x00007fff9c0d45c1, EFLAGS=0x0000000000010206, ERR=0x0000000000000004
  TRAPNO=0x000000000000000e

Top of Stack: (sp=0x000000010b667750)
0x000000010b667750:   0000000000000002 000000010b6679f8
0x000000010b667760:   000000010b667920 0000000120337456
0x000000010b667770:   00007fa383c62110 00007fa383c61fc0
0x000000010b667780:   00007fff7ceebc50 000000010a79667d
0x000000010b667790:   000000011b5ce778 41ada6c580000000
0x000000010b6677a0:   00007fff7ceeac88 00007fff7ceebc50
0x000000010b6677b0:   0000000000000008 0000000000000003
0x000000010b6677c0:   0000000000000008 00007fa383c62110
0x000000010b6677d0:   000000010b667810 00007fff8d109dff
0x000000010b6677e0:   00007fa383c29c30 000006010a69f28c
0x000000010b6677f0:   0000000000000001 0000000000000008
0x000000010b667800:   000000010b667a00 000000010b667960
0x000000010b667810:   000000010b667820 000000012033794c
0x000000010b667820:   000000000000000e 000000010b668300
0x000000010b667830:   000000010b667920 0000000120337456
0x000000010b667840:   000000010b667870 0000000120336ebb
0x000000010b667850:   0000000000000010 000000010b6678d0
0x000000010b667860:   000000010b667a70 000000010b6678e4
0x000000010b667870:   000000010b6678e0 000000010b6678d0
0x000000010b667880:   000000010b667930 000000010b668300
0x000000010b667890:   00007fff8d109db8 000000010b667a70
0x000000010b6678a0:   000000010b667770 000000010b667820
0x000000010b6678b0:   0000000000000003 0000000300000003
0x000000010b6678c0:   000000010b667770 0000000100000000
0x000000010b6678d0:   0000000100000001 000000010b667a70
0x000000010b6678e0:   0000000100000000 b700a5f48e087cb6
0x000000010b6678f0:   000000010b667948 000000010b667a70
0x000000010b667900:   000000010b667a08 00007fa3858019f8
0x000000010b667910:   000000010b667948 000000010b667978
0x000000010b667920:   000000010b6682f0 000000012032e2f5
0x000000010b667930:   000000010b6679f0 000000010b6679f8
0x000000010b667940:   000000010b667a00 000000010a8287b6 

Instructions: (pc=0x00007fff9c0d45c1)
0x00007fff9c0d45a1:   c3 90 31 f6 e9 00 00 00 00 55 48 89 e5 41 57 41
0x00007fff9c0d45b1:   56 41 55 41 54 53 48 83 ec 58 41 89 f7 48 89 fb
0x00007fff9c0d45c1:   48 81 3b 58 54 55 4d 74 14 48 89 df e8 f3 02 00
0x00007fff9c0d45d1:   00 41 89 c6 45 85 f6 0f 85 99 02 00 00 8b 43 0c 

Register to memory mapping:

RAX=0x0000000000000000 is an unknown value
RBX=0x0000000030b1bcc2 is an unknown value
RCX=0x0000000000000000 is an unknown value
RDX=0x0000000000000601 is an unknown value
RSP=0x000000010b667750 is pointing into the stack for thread: 0x00007fa385801800
RBP=0x000000010b6677d0 is pointing into the stack for thread: 0x00007fa385801800
RSI=0x0000000000000000 is an unknown value
RDI=0x0000000030b1bcc2 is an unknown value
R8 =0x0000000000000001 is an unknown value
R9 =0x0000000000000600 is an unknown value
R10=0x000000010b667770 is pointing into the stack for thread: 0x00007fa385801800
R11=0x00007fff8d109db8: freopen+0 in /usr/lib/system/libsystem_c.dylib at 0x00007fff8d0cc000
R12=0x0000000000000008 is an unknown value
R13=0x0000000000000003 is an unknown value
R14=0x0000000000000008 is an unknown value
R15=0x0000000000000000 is an unknown value


Stack: [0x000000010b56a000,0x000000010b66a000],  sp=0x000000010b667750,  free space=1013k
Native frames: (J=compiled Java code, j=interpreted, Vv=VM code, C=native code)
C  [libsystem_pthread.dylib+0x15c1]  _pthread_mutex_lock+0x17
C  [libsystem_c.dylib+0x3ddff]  freopen+0x47
C  [jna437416911106392662.tmp+0xd94c]  ffi_call_unix64+0x4c
C  0x000000010b668300

Java frames: (J=compiled Java code, j=interpreted, Vv=VM code)
j  com.sun.jna.Native.invokePointer(JI[Ljava/lang/Object;)J+0
j  com.sun.jna.Function.invokePointer(I[Ljava/lang/Object;)Lcom/sun/jna/Pointer;+6
j  com.sun.jna.Function.invoke([Ljava/lang/Object;Ljava/lang/Class;Z)Ljava/lang/Object;+426
j  com.sun.jna.Function.invoke(Ljava/lang/Class;[Ljava/lang/Object;Ljava/util/Map;)Ljava/lang/Object;+262
j  com.sun.jna.Library$Handler.invoke(Ljava/lang/Object;Ljava/lang/reflect/Method;[Ljava/lang/Object;)Ljava/lang/Object;+316
j  com.sun.proxy.$Proxy3.freopen(Ljava/lang/String;Ljava/lang/String;Lorg/spf4j/c/CLibrary$FILE;)Lorg/spf4j/c/CLibrary$FILE;+24
j  org.spf4j.perf.memory.VMHistogramsTest.testMemoryUsage()V+24
v  ~StubRoutines::call_stub
j  sun.reflect.NativeMethodAccessorImpl.invoke0(Ljava/lang/reflect/Method;Ljava/lang/Object;[Ljava/lang/Object;)Ljava/lang/Object;+0
j  sun.reflect.NativeMethodAccessorImpl.invoke(Ljava/lang/Object;[Ljava/lang/Object;)Ljava/lang/Object;+100
j  sun.reflect.DelegatingMethodAccessorImpl.invoke(Ljava/lang/Object;[Ljava/lang/Object;)Ljava/lang/Object;+6
j  java.lang.reflect.Method.invoke(Ljava/lang/Object;[Ljava/lang/Object;)Ljava/lang/Object;+56
j  org.junit.runners.model.FrameworkMethod$1.runReflectiveCall()Ljava/lang/Object;+15
j  org.junit.internal.runners.model.ReflectiveCallable.run()Ljava/lang/Object;+1
j  org.junit.runners.model.FrameworkMethod.invokeExplosively(Ljava/lang/Object;[Ljava/lang/Object;)Ljava/lang/Object;+10
j  org.junit.internal.runners.statements.InvokeMethod.evaluate()V+12
j  org.junit.runners.ParentRunner.runLeaf(Lorg/junit/runners/model/Statement;Lorg/junit/runner/Description;Lorg/junit/runner/notification/RunNotifier;)V+17
j  org.junit.runners.BlockJUnit4ClassRunner.runChild(Lorg/junit/runners/model/FrameworkMethod;Lorg/junit/runner/notification/RunNotifier;)V+32
j  org.junit.runners.BlockJUnit4ClassRunner.runChild(Ljava/lang/Object;Lorg/junit/runner/notification/RunNotifier;)V+6
j  org.junit.runners.ParentRunner$3.run()V+12
j  org.junit.runners.ParentRunner$1.schedule(Ljava/lang/Runnable;)V+1
j  org.junit.runners.ParentRunner.runChildren(Lorg/junit/runner/notification/RunNotifier;)V+40
j  org.junit.runners.ParentRunner.access$000(Lorg/junit/runners/ParentRunner;Lorg/junit/runner/notification/RunNotifier;)V+2
j  org.junit.runners.ParentRunner$2.evaluate()V+8
j  org.junit.runners.ParentRunner.run(Lorg/junit/runner/notification/RunNotifier;)V+20
j  org.apache.maven.surefire.junit4.JUnit4Provider.execute(Ljava/lang/Class;Lorg/junit/runner/notification/RunNotifier;[Ljava/lang/String;)V+106
j  org.apache.maven.surefire.junit4.JUnit4Provider.executeWithRerun(Ljava/lang/Class;Lorg/junit/runner/notification/RunNotifier;[Ljava/lang/String;)V+18
j  org.apache.maven.surefire.junit4.JUnit4Provider.executeTestSet(Ljava/lang/Class;Lorg/apache/maven/surefire/report/RunListener;Lorg/junit/runner/notification/RunNotifier;)V+72
j  org.apache.maven.surefire.junit4.JUnit4Provider.invoke(Ljava/lang/Object;)Lorg/apache/maven/surefire/suite/RunResult;+161
j  org.apache.maven.surefire.booter.ForkedBooter.invokeProviderInSameClassLoader(Ljava/lang/Object;Ljava/lang/Object;Lorg/apache/maven/surefire/booter/ProviderConfiguration;ZLorg/apache/maven/surefire/booter/StartupConfiguration;Z)Lorg/apache/maven/surefire/suite/RunResult;+23
j  org.apache.maven.surefire.booter.ForkedBooter.runSuitesInProcess(Ljava/lang/Object;Lorg/apache/maven/surefire/booter/StartupConfiguration;Lorg/apache/maven/surefire/booter/ProviderConfiguration;Ljava/io/PrintStream;)Lorg/apache/maven/surefire/suite/RunResult;+14
j  org.apache.maven.surefire.booter.ForkedBooter.main([Ljava/lang/String;)V+183
v  ~StubRoutines::call_stub

---------------  P R O C E S S  ---------------

Java Threads: ( => current thread )
  0x00007fa3840a8800 JavaThread "RMI TCP Accept-0" daemon [_thread_in_native, id=23559, stack(0x0000000120125000,0x0000000120225000)]
  0x00007fa3858bd000 JavaThread "RMI TCP Accept-9999" daemon [_thread_in_native, id=21763, stack(0x0000000120022000,0x0000000120122000)]
  0x00007fa3858bc000 JavaThread "RMI TCP Accept-0" daemon [_thread_in_native, id=21251, stack(0x000000011ff1f000,0x000000012001f000)]
  0x00007fa384041000 JavaThread "Service Thread" daemon [_thread_blocked, id=20739, stack(0x000000011fcb4000,0x000000011fdb4000)]
  0x00007fa387014000 JavaThread "C1 CompilerThread3" daemon [_thread_blocked, id=20227, stack(0x000000011fbb1000,0x000000011fcb1000)]
  0x00007fa38700b000 JavaThread "C2 CompilerThread2" daemon [_thread_in_native, id=19715, stack(0x000000011faae000,0x000000011fbae000)]
  0x00007fa38700a000 JavaThread "C2 CompilerThread1" daemon [_thread_blocked, id=19203, stack(0x000000011f9ab000,0x000000011faab000)]
  0x00007fa387008000 JavaThread "C2 CompilerThread0" daemon [_thread_blocked, id=18691, stack(0x000000011f8a8000,0x000000011f9a8000)]
  0x00007fa386810800 JavaThread "Signal Dispatcher" daemon [_thread_blocked, id=15379, stack(0x000000011f7a5000,0x000000011f8a5000)]
  0x00007fa384066800 JavaThread "Finalizer" daemon [_thread_blocked, id=13571, stack(0x000000011dd91000,0x000000011de91000)]
  0x00007fa38580f800 JavaThread "Reference Handler" daemon [_thread_blocked, id=13059, stack(0x000000011dc8e000,0x000000011dd8e000)]
=>0x00007fa385801800 JavaThread "main" [_thread_in_native, id=4867, stack(0x000000010b56a000,0x000000010b66a000)]

Other Threads:
  0x00007fa384066000 VMThread [stack: 0x000000011db8b000,0x000000011dc8b000] [id=12547]
  0x00007fa3858cc800 WatcherThread [stack: 0x0000000120228000,0x0000000120328000] [id=23811]

VM state:not at safepoint (normal execution)

VM Mutex/Monitor currently owned by a thread: None

Heap:
 PSYoungGen      total 18944K, used 11915K [0x00000007beb00000, 0x00000007c0000000, 0x00000007c0000000)
  eden space 16384K, 72% used [0x00000007beb00000,0x00000007bf6a2de8,0x00000007bfb00000)
  from space 2560K, 0% used [0x00000007bfd80000,0x00000007bfd80000,0x00000007c0000000)
  to   space 2560K, 0% used [0x00000007bfb00000,0x00000007bfb00000,0x00000007bfd80000)
 ParOldGen       total 44032K, used 0K [0x00000007bc000000, 0x00000007beb00000, 0x00000007beb00000)
  object space 44032K, 0% used [0x00000007bc000000,0x00000007bc000000,0x00000007beb00000)
 Metaspace       used 8177K, capacity 8302K, committed 8448K, reserved 1056768K
  class space    used 987K, capacity 1015K, committed 1024K, reserved 1048576K

Card table byte_map: [0x00000001095bb000,0x00000001095dc000] byte_map_base: 0x00000001057db000

Marking Bits: (ParMarkBitMap*) 0x000000010aec27a0
 Begin Bits: [0x000000011b244000, 0x000000011b344000)
 End Bits:   [0x000000011b344000, 0x000000011b444000)

Polling page: 0x00000001095a8000

CodeCache: size=245760Kb used=2358Kb max_used=2360Kb free=243401Kb
 bounds [0x000000010b66c000, 0x000000010b8dc000, 0x000000011a66c000]
 total_blobs=867 nmethods=531 adapters=250
 compilation: enabled

Compilation events (10 events):
Event: 0.378 Thread 0x00007fa387014000 nmethod 525 0x000000010b8b40d0 code [0x000000010b8b4240, 0x000000010b8b43b0]
Event: 0.378 Thread 0x00007fa387008000  526       4       java.util.concurrent.ConcurrentHashMap::tabAt (21 bytes)
Event: 0.378 Thread 0x00007fa38700a000  527       4       java.util.concurrent.ConcurrentHashMap::casTabAt (20 bytes)
Event: 0.379 Thread 0x00007fa387008000 nmethod 526 0x000000010b8a0690 code [0x000000010b8a07c0, 0x000000010b8a0818]
Event: 0.379 Thread 0x00007fa38700a000 nmethod 527 0x000000010b8ac390 code [0x000000010b8ac4c0, 0x000000010b8ac538]
Event: 0.380 Thread 0x00007fa387014000  529   !   3       sun.misc.URLClassPath$JarLoader::checkResource (55 bytes)
Event: 0.380 Thread 0x00007fa387014000 nmethod 529 0x000000010b8bbb90 code [0x000000010b8bbd60, 0x000000010b8bc3c8]
Event: 0.381 Thread 0x00007fa387014000  530       3       java.security.CodeSource::equals (60 bytes)
Event: 0.381 Thread 0x00007fa387014000 nmethod 530 0x000000010b8bb050 code [0x000000010b8bb200, 0x000000010b8bb9d8]
Event: 0.381 Thread 0x00007fa387014000  531       3       java.net.URL::equals (24 bytes)

GC Heap History (0 events):
No events

Deoptimization events (1 events):
Event: 0.370 Thread 0x00007fa385801800 Uncommon trap: reason=unstable_if action=reinterpret pc=0x000000010b8544e8 method=java.lang.String.replace(CC)Ljava/lang/String; @ 26

Internal exceptions (10 events):
Event: 0.334 Thread 0x00007fa385801800 Exception <a 'java/security/PrivilegedActionException'> (0x00000007bf400fa0) thrown at [/Users/java_re/workspace/8-2-build-macosx-x86_64/jdk8u45/3457/hotspot/src/share/vm/prims/jvm.cpp, line 1382]
Event: 0.334 Thread 0x00007fa385801800 Exception <a 'java/security/PrivilegedActionException'> (0x00000007bf4012e8) thrown at [/Users/java_re/workspace/8-2-build-macosx-x86_64/jdk8u45/3457/hotspot/src/share/vm/prims/jvm.cpp, line 1382]
Event: 0.335 Thread 0x00007fa385801800 Exception <a 'java/security/PrivilegedActionException'> (0x00000007bf4082c8) thrown at [/Users/java_re/workspace/8-2-build-macosx-x86_64/jdk8u45/3457/hotspot/src/share/vm/prims/jvm.cpp, line 1382]
Event: 0.335 Thread 0x00007fa385801800 Exception <a 'java/security/PrivilegedActionException'> (0x00000007bf408610) thrown at [/Users/java_re/workspace/8-2-build-macosx-x86_64/jdk8u45/3457/hotspot/src/share/vm/prims/jvm.cpp, line 1382]
Event: 0.335 Thread 0x00007fa385801800 Exception <a 'java/security/PrivilegedActionException'> (0x00000007bf40fb80) thrown at [/Users/java_re/workspace/8-2-build-macosx-x86_64/jdk8u45/3457/hotspot/src/share/vm/prims/jvm.cpp, line 1382]
Event: 0.335 Thread 0x00007fa385801800 Exception <a 'java/security/PrivilegedActionException'> (0x00000007bf40fec8) thrown at [/Users/java_re/workspace/8-2-build-macosx-x86_64/jdk8u45/3457/hotspot/src/share/vm/prims/jvm.cpp, line 1382]
Event: 0.335 Thread 0x00007fa385801800 Exception <a 'java/security/PrivilegedActionException'> (0x00000007bf417438) thrown at [/Users/java_re/workspace/8-2-build-macosx-x86_64/jdk8u45/3457/hotspot/src/share/vm/prims/jvm.cpp, line 1382]
Event: 0.335 Thread 0x00007fa385801800 Exception <a 'java/security/PrivilegedActionException'> (0x00000007bf417780) thrown at [/Users/java_re/workspace/8-2-build-macosx-x86_64/jdk8u45/3457/hotspot/src/share/vm/prims/jvm.cpp, line 1382]
Event: 0.336 Thread 0x00007fa385801800 Exception <a 'java/security/PrivilegedActionException'> (0x00000007bf41ef90) thrown at [/Users/java_re/workspace/8-2-build-macosx-x86_64/jdk8u45/3457/hotspot/src/share/vm/prims/jvm.cpp, line 1382]
Event: 0.336 Thread 0x00007fa385801800 Exception <a 'java/security/PrivilegedActionException'> (0x00000007bf41f2d8) thrown at [/Users/java_re/workspace/8-2-build-macosx-x86_64/jdk8u45/3457/hotspot/src/share/vm/prims/jvm.cpp, line 1382]

Events (10 events):
Event: 0.379 loading class com/sun/jna/FunctionParameterContext
Event: 0.379 loading class com/sun/jna/FunctionParameterContext done
Event: 0.379 loading class java/lang/reflect/AnnotatedType
Event: 0.379 loading class java/lang/reflect/AnnotatedType done
Event: 0.379 loading class com/sun/jna/NativeString
Event: 0.379 loading class com/sun/jna/NativeString done
Event: 0.380 loading class com/sun/jna/NativeMappedConverter
Event: 0.380 loading class com/sun/jna/NativeMappedConverter done
Event: 0.380 loading class com/sun/jna/TypeConverter
Event: 0.380 loading class com/sun/jna/TypeConverter done


Dynamic libraries:
0x000000000ce67000 	/System/Library/Frameworks/Cocoa.framework/Versions/A/Cocoa
0x000000000ce67000 	/System/Library/Frameworks/Security.framework/Versions/A/Security
0x000000000ce67000 	/System/Library/Frameworks/ApplicationServices.framework/Versions/A/ApplicationServices
0x000000000ce67000 	/usr/lib/libz.1.dylib
0x000000000ce67000 	/usr/lib/libSystem.B.dylib
0x000000000ce67000 	/usr/lib/libobjc.A.dylib
0x000000000ce67000 	/System/Library/Frameworks/CoreFoundation.framework/Versions/A/CoreFoundation
0x000000000ce67000 	/System/Library/Frameworks/Foundation.framework/Versions/C/Foundation
0x000000000ce67000 	/System/Library/Frameworks/AppKit.framework/Versions/C/AppKit
0x000000000ce67000 	/System/Library/Frameworks/CoreData.framework/Versions/A/CoreData
0x000000000ce67000 	/System/Library/PrivateFrameworks/RemoteViewServices.framework/Versions/A/RemoteViewServices
0x000000000ce67000 	/System/Library/PrivateFrameworks/UIFoundation.framework/Versions/A/UIFoundation
0x000000000ce67000 	/System/Library/Frameworks/IOSurface.framework/Versions/A/IOSurface
0x000000000ce67000 	/System/Library/Frameworks/AudioToolbox.framework/Versions/A/AudioToolbox
0x000000000ce67000 	/System/Library/Frameworks/AudioUnit.framework/Versions/A/AudioUnit
0x000000000ce67000 	/System/Library/PrivateFrameworks/DataDetectorsCore.framework/Versions/A/DataDetectorsCore
0x000000000ce67000 	/System/Library/PrivateFrameworks/DesktopServicesPriv.framework/Versions/A/DesktopServicesPriv
0x000000000ce67000 	/System/Library/Frameworks/Carbon.framework/Versions/A/Frameworks/HIToolbox.framework/Versions/A/HIToolbox
0x000000000ce67000 	/System/Library/Frameworks/QuartzCore.framework/Versions/A/QuartzCore
0x000000000ce67000 	/System/Library/Frameworks/Carbon.framework/Versions/A/Frameworks/SpeechRecognition.framework/Versions/A/SpeechRecognition
0x000000000ce67000 	/usr/lib/libauto.dylib
0x000000000ce67000 	/usr/lib/libicucore.A.dylib
0x000000000ce67000 	/usr/lib/libxml2.2.dylib
0x000000000ce67000 	/System/Library/PrivateFrameworks/CoreUI.framework/Versions/A/CoreUI
0x000000000ce67000 	/System/Library/Frameworks/CoreAudio.framework/Versions/A/CoreAudio
0x000000000ce67000 	/System/Library/Frameworks/DiskArbitration.framework/Versions/A/DiskArbitration
0x000000000ce67000 	/usr/lib/liblangid.dylib
0x000000000ce67000 	/System/Library/PrivateFrameworks/MultitouchSupport.framework/Versions/A/MultitouchSupport
0x000000000ce67000 	/System/Library/Frameworks/IOKit.framework/Versions/A/IOKit
0x000000000ce67000 	/usr/lib/libDiagnosticMessagesClient.dylib
0x000000000ce67000 	/System/Library/Frameworks/CoreServices.framework/Versions/A/CoreServices
0x000000000ce67000 	/System/Library/PrivateFrameworks/PerformanceAnalysis.framework/Versions/A/PerformanceAnalysis
0x000000000ce67000 	/System/Library/PrivateFrameworks/GenerationalStorage.framework/Versions/A/GenerationalStorage
0x000000000ce67000 	/System/Library/Frameworks/OpenGL.framework/Versions/A/OpenGL
0x000000000ce67000 	/System/Library/PrivateFrameworks/Sharing.framework/Versions/A/Sharing
0x000000000ce67000 	/System/Library/Frameworks/CoreGraphics.framework/Versions/A/CoreGraphics
0x000000000ce67000 	/System/Library/Frameworks/CoreText.framework/Versions/A/CoreText
0x000000000ce67000 	/System/Library/Frameworks/ImageIO.framework/Versions/A/ImageIO
0x000000000ce67000 	/usr/lib/libextension.dylib
0x000000000ce67000 	/System/Library/PrivateFrameworks/Backup.framework/Versions/A/Backup
0x000000000ce67000 	/usr/lib/libarchive.2.dylib
0x000000000ce67000 	/System/Library/Frameworks/CFNetwork.framework/Versions/A/CFNetwork
0x000000000ce67000 	/System/Library/Frameworks/SystemConfiguration.framework/Versions/A/SystemConfiguration
0x000000000ce67000 	/usr/lib/libCRFSuite.dylib
0x000000000ce67000 	/usr/lib/libc++.1.dylib
0x000000000ce67000 	/usr/lib/libc++abi.dylib
0x000000000ce67000 	/usr/lib/system/libcache.dylib
0x000000000ce67000 	/usr/lib/system/libcommonCrypto.dylib
0x000000000ce67000 	/usr/lib/system/libcompiler_rt.dylib
0x000000000ce67000 	/usr/lib/system/libcopyfile.dylib
0x000000000ce67000 	/usr/lib/system/libcorecrypto.dylib
0x000000000ce67000 	/usr/lib/system/libdispatch.dylib
0x000000000ce67000 	/usr/lib/system/libdyld.dylib
0x000000000ce67000 	/usr/lib/system/libkeymgr.dylib
0x000000000ce67000 	/usr/lib/system/liblaunch.dylib
0x000000000ce67000 	/usr/lib/system/libmacho.dylib
0x000000000ce67000 	/usr/lib/system/libquarantine.dylib
0x000000000ce67000 	/usr/lib/system/libremovefile.dylib
0x000000000ce67000 	/usr/lib/system/libsystem_asl.dylib
0x000000000ce67000 	/usr/lib/system/libsystem_blocks.dylib
0x000000000ce67000 	/usr/lib/system/libsystem_c.dylib
0x000000000ce67000 	/usr/lib/system/libsystem_configuration.dylib
0x000000000ce67000 	/usr/lib/system/libsystem_coreservices.dylib
0x000000000ce67000 	/usr/lib/system/libsystem_coretls.dylib
0x000000000ce67000 	/usr/lib/system/libsystem_dnssd.dylib
0x000000000ce67000 	/usr/lib/system/libsystem_info.dylib
0x000000000ce67000 	/usr/lib/system/libsystem_kernel.dylib
0x000000000ce67000 	/usr/lib/system/libsystem_m.dylib
0x000000000ce67000 	/usr/lib/system/libsystem_malloc.dylib
0x000000000ce67000 	/usr/lib/system/libsystem_network.dylib
0x000000000ce67000 	/usr/lib/system/libsystem_networkextension.dylib
0x000000000ce67000 	/usr/lib/system/libsystem_notify.dylib
0x000000000ce67000 	/usr/lib/system/libsystem_platform.dylib
0x000000000ce67000 	/usr/lib/system/libsystem_pthread.dylib
0x000000000ce67000 	/usr/lib/system/libsystem_sandbox.dylib
0x000000000ce67000 	/usr/lib/system/libsystem_secinit.dylib
0x000000000ce67000 	/usr/lib/system/libsystem_stats.dylib
0x000000000ce67000 	/usr/lib/system/libsystem_trace.dylib
0x000000000ce67000 	/usr/lib/system/libunc.dylib
0x000000000ce67000 	/usr/lib/system/libunwind.dylib
0x000000000ce67000 	/usr/lib/system/libxpc.dylib
0x000000000ce67000 	/usr/lib/libbz2.1.0.dylib
0x000000000ce67000 	/usr/lib/liblzma.5.dylib
0x000000000ce67000 	/usr/lib/libbsm.0.dylib
0x000000000ce67000 	/usr/lib/libsqlite3.dylib
0x000000000ce67000 	/usr/lib/system/libkxld.dylib
0x000000000ce67000 	/usr/lib/libxar.1.dylib
0x000000000ce67000 	/usr/lib/libpam.2.dylib
0x000000000ce67000 	/usr/lib/libOpenScriptingUtil.dylib
0x000000000ce67000 	/System/Library/Frameworks/CoreServices.framework/Versions/A/Frameworks/FSEvents.framework/Versions/A/FSEvents
0x000000000ce67000 	/System/Library/Frameworks/CoreServices.framework/Versions/A/Frameworks/CarbonCore.framework/Versions/A/CarbonCore
0x000000000ce67000 	/System/Library/Frameworks/CoreServices.framework/Versions/A/Frameworks/Metadata.framework/Versions/A/Metadata
0x000000000ce67000 	/System/Library/Frameworks/CoreServices.framework/Versions/A/Frameworks/OSServices.framework/Versions/A/OSServices
0x000000000ce67000 	/System/Library/Frameworks/CoreServices.framework/Versions/A/Frameworks/SearchKit.framework/Versions/A/SearchKit
0x000000000ce67000 	/System/Library/Frameworks/CoreServices.framework/Versions/A/Frameworks/AE.framework/Versions/A/AE
0x000000000ce67000 	/System/Library/Frameworks/CoreServices.framework/Versions/A/Frameworks/LaunchServices.framework/Versions/A/LaunchServices
0x000000000ce67000 	/System/Library/Frameworks/CoreServices.framework/Versions/A/Frameworks/DictionaryServices.framework/Versions/A/DictionaryServices
0x000000000ce67000 	/System/Library/Frameworks/NetFS.framework/Versions/A/NetFS
0x000000000ce67000 	/System/Library/PrivateFrameworks/NetAuth.framework/Versions/A/NetAuth
0x000000000ce67000 	/System/Library/PrivateFrameworks/login.framework/Versions/A/Frameworks/loginsupport.framework/Versions/A/loginsupport
0x000000000ce67000 	/System/Library/PrivateFrameworks/TCC.framework/Versions/A/TCC
0x000000000ce67000 	/usr/lib/libmecabra.dylib
0x000000000ce67000 	/System/Library/Frameworks/ApplicationServices.framework/Versions/A/Frameworks/ATS.framework/Versions/A/ATS
0x000000000ce67000 	/System/Library/Frameworks/ApplicationServices.framework/Versions/A/Frameworks/ColorSync.framework/Versions/A/ColorSync
0x000000000ce67000 	/System/Library/Frameworks/ApplicationServices.framework/Versions/A/Frameworks/HIServices.framework/Versions/A/HIServices
0x000000000ce67000 	/System/Library/Frameworks/ApplicationServices.framework/Versions/A/Frameworks/LangAnalysis.framework/Versions/A/LangAnalysis
0x000000000ce67000 	/System/Library/Frameworks/ApplicationServices.framework/Versions/A/Frameworks/PrintCore.framework/Versions/A/PrintCore
0x000000000ce67000 	/System/Library/Frameworks/ApplicationServices.framework/Versions/A/Frameworks/QD.framework/Versions/A/QD
0x000000000ce67000 	/System/Library/Frameworks/ApplicationServices.framework/Versions/A/Frameworks/SpeechSynthesis.framework/Versions/A/SpeechSynthesis
0x000000000ce67000 	/System/Library/Frameworks/Accelerate.framework/Versions/A/Accelerate
0x000000000ce67000 	/System/Library/Frameworks/Accelerate.framework/Versions/A/Frameworks/vImage.framework/Versions/A/vImage
0x000000000ce67000 	/System/Library/Frameworks/Accelerate.framework/Versions/A/Frameworks/vecLib.framework/Versions/A/vecLib
0x000000000ce67000 	/System/Library/Frameworks/Accelerate.framework/Versions/A/Frameworks/vecLib.framework/Versions/A/libvDSP.dylib
0x000000000ce67000 	/System/Library/Frameworks/Accelerate.framework/Versions/A/Frameworks/vecLib.framework/Versions/A/libvMisc.dylib
0x000000000ce67000 	/System/Library/Frameworks/Accelerate.framework/Versions/A/Frameworks/vecLib.framework/Versions/A/libLAPACK.dylib
0x000000000ce67000 	/System/Library/Frameworks/Accelerate.framework/Versions/A/Frameworks/vecLib.framework/Versions/A/libBLAS.dylib
0x000000000ce67000 	/System/Library/Frameworks/Accelerate.framework/Versions/A/Frameworks/vecLib.framework/Versions/A/libLinearAlgebra.dylib
0x000000000ce67000 	/System/Library/Frameworks/ApplicationServices.framework/Versions/A/Frameworks/ATS.framework/Versions/A/Resources/libFontParser.dylib
0x000000000ce67000 	/System/Library/Frameworks/ApplicationServices.framework/Versions/A/Frameworks/ATS.framework/Versions/A/Resources/libFontRegistry.dylib
0x000000000ce67000 	/System/Library/PrivateFrameworks/AppleVPA.framework/Versions/A/AppleVPA
0x000000000ce67000 	/System/Library/PrivateFrameworks/AppleJPEG.framework/Versions/A/AppleJPEG
0x000000000ce67000 	/System/Library/Frameworks/ImageIO.framework/Versions/A/Resources/libJPEG.dylib
0x000000000ce67000 	/System/Library/Frameworks/ImageIO.framework/Versions/A/Resources/libTIFF.dylib
0x000000000ce67000 	/System/Library/Frameworks/ImageIO.framework/Versions/A/Resources/libPng.dylib
0x000000000ce67000 	/System/Library/Frameworks/ImageIO.framework/Versions/A/Resources/libGIF.dylib
0x000000000ce67000 	/System/Library/Frameworks/ImageIO.framework/Versions/A/Resources/libJP2.dylib
0x000000000ce67000 	/System/Library/Frameworks/ImageIO.framework/Versions/A/Resources/libRadiance.dylib
0x000000000ce67000 	/System/Library/Frameworks/CoreVideo.framework/Versions/A/CoreVideo
0x000000000ce67000 	/System/Library/Frameworks/OpenGL.framework/Versions/A/Libraries/libGLU.dylib
0x000000000ce67000 	/System/Library/Frameworks/OpenGL.framework/Versions/A/Libraries/libGFXShared.dylib
0x000000000ce67000 	/System/Library/Frameworks/OpenGL.framework/Versions/A/Libraries/libGL.dylib
0x000000000ce67000 	/System/Library/Frameworks/OpenGL.framework/Versions/A/Libraries/libGLImage.dylib
0x000000000ce67000 	/System/Library/Frameworks/OpenGL.framework/Versions/A/Libraries/libCVMSPluginSupport.dylib
0x000000000ce67000 	/System/Library/Frameworks/OpenGL.framework/Versions/A/Libraries/libCoreVMClient.dylib
0x000000000ce67000 	/usr/lib/libcups.2.dylib
0x000000000ce67000 	/System/Library/Frameworks/Kerberos.framework/Versions/A/Kerberos
0x000000000ce67000 	/System/Library/Frameworks/GSS.framework/Versions/A/GSS
0x000000000ce67000 	/usr/lib/libresolv.9.dylib
0x000000000ce67000 	/usr/lib/libiconv.2.dylib
0x000000000ce67000 	/System/Library/PrivateFrameworks/Heimdal.framework/Versions/A/Heimdal
0x000000000ce67000 	/usr/lib/libheimdal-asn1.dylib
0x000000000ce67000 	/System/Library/Frameworks/OpenDirectory.framework/Versions/A/OpenDirectory
0x000000000ce67000 	/System/Library/PrivateFrameworks/CommonAuth.framework/Versions/A/CommonAuth
0x000000000ce67000 	/System/Library/Frameworks/OpenDirectory.framework/Versions/A/Frameworks/CFOpenDirectory.framework/Versions/A/CFOpenDirectory
0x000000000ce67000 	/System/Library/Frameworks/SecurityFoundation.framework/Versions/A/SecurityFoundation
0x000000000ce67000 	/System/Library/PrivateFrameworks/LanguageModeling.framework/Versions/A/LanguageModeling
0x000000000ce67000 	/usr/lib/libcmph.dylib
0x000000000ce67000 	/System/Library/Frameworks/ServiceManagement.framework/Versions/A/ServiceManagement
0x000000000ce67000 	/usr/lib/libxslt.1.dylib
0x000000000ce67000 	/System/Library/Frameworks/Carbon.framework/Versions/A/Frameworks/Ink.framework/Versions/A/Ink
0x000000000ce67000 	/System/Library/Frameworks/QuartzCore.framework/Versions/A/Frameworks/CoreImage.framework/Versions/A/CoreImage
0x000000000ce67000 	/System/Library/PrivateFrameworks/CrashReporterSupport.framework/Versions/A/CrashReporterSupport
0x000000000ce67000 	/System/Library/Frameworks/OpenCL.framework/Versions/A/OpenCL
0x000000000ce67000 	/System/Library/PrivateFrameworks/FaceCore.framework/Versions/A/FaceCore
0x000000000ce67000 	/System/Library/PrivateFrameworks/Ubiquity.framework/Versions/A/Ubiquity
0x000000000ce67000 	/System/Library/PrivateFrameworks/IconServices.framework/Versions/A/IconServices
0x000000000ce67000 	/System/Library/PrivateFrameworks/ChunkingLibrary.framework/Versions/A/ChunkingLibrary
0x000000000ce67000 	/System/Library/PrivateFrameworks/Apple80211.framework/Versions/A/Apple80211
0x000000000ce67000 	/System/Library/Frameworks/CoreWLAN.framework/Versions/A/CoreWLAN
0x000000000ce67000 	/System/Library/Frameworks/IOBluetooth.framework/Versions/A/IOBluetooth
0x000000000ce67000 	/System/Library/PrivateFrameworks/CoreWiFi.framework/Versions/A/CoreWiFi
0x000000000ce67000 	/System/Library/Frameworks/CoreBluetooth.framework/Versions/A/CoreBluetooth
0x000000000ce67000 	/System/Library/PrivateFrameworks/DebugSymbols.framework/Versions/A/DebugSymbols
0x000000000ce67000 	/System/Library/PrivateFrameworks/CoreSymbolication.framework/Versions/A/CoreSymbolication
0x000000000ce67000 	/System/Library/PrivateFrameworks/Symbolication.framework/Versions/A/Symbolication
0x000000000ce67000 	/System/Library/PrivateFrameworks/SpeechRecognitionCore.framework/Versions/A/SpeechRecognitionCore
0x000000010a600000 	/Library/Java/JavaVirtualMachines/jdk1.8.0_45.jdk/Contents/Home/jre/lib/server/libjvm.dylib
0x000000000ce67000 	/usr/lib/libstdc++.6.dylib
0x0000000109565000 	/Library/Java/JavaVirtualMachines/jdk1.8.0_45.jdk/Contents/Home/jre/lib/libverify.dylib
0x0000000109573000 	/Library/Java/JavaVirtualMachines/jdk1.8.0_45.jdk/Contents/Home/jre/lib/libjava.dylib
0x00000001095b2000 	/Library/Java/JavaVirtualMachines/jdk1.8.0_45.jdk/Contents/Home/jre/lib/libzip.dylib
0x000000011de93000 	/System/Library/Frameworks/JavaVM.framework/Frameworks/JavaRuntimeSupport.framework/JavaRuntimeSupport
0x000000011dea9000 	/System/Library/Frameworks/JavaVM.framework/Versions/A/Frameworks/JavaNativeFoundation.framework/Versions/A/JavaNativeFoundation
0x00000001095f4000 	/System/Library/Frameworks/JavaVM.framework/Versions/A/JavaVM
0x000000000ce67000 	/System/Library/Frameworks/Carbon.framework/Versions/A/Carbon
0x000000011debd000 	/System/Library/PrivateFrameworks/JavaLaunching.framework/Versions/A/JavaLaunching
0x000000000ce67000 	/System/Library/Frameworks/Carbon.framework/Versions/A/Frameworks/CommonPanels.framework/Versions/A/CommonPanels
0x000000000ce67000 	/System/Library/Frameworks/Carbon.framework/Versions/A/Frameworks/Help.framework/Versions/A/Help
0x000000000ce67000 	/System/Library/Frameworks/Carbon.framework/Versions/A/Frameworks/ImageCapture.framework/Versions/A/ImageCapture
0x000000000ce67000 	/System/Library/Frameworks/Carbon.framework/Versions/A/Frameworks/OpenScripting.framework/Versions/A/OpenScripting
0x000000000ce67000 	/System/Library/Frameworks/Carbon.framework/Versions/A/Frameworks/Print.framework/Versions/A/Print
0x000000000ce67000 	/System/Library/Frameworks/Carbon.framework/Versions/A/Frameworks/SecurityHI.framework/Versions/A/SecurityHI
0x000000011fdb6000 	/Library/Java/JavaVirtualMachines/jdk1.8.0_45.jdk/Contents/Home/jre/lib/libmanagement.dylib
0x000000011fdc3000 	/Library/Java/JavaVirtualMachines/jdk1.8.0_45.jdk/Contents/Home/jre/lib/libnet.dylib
0x000000011fe22000 	/Library/Java/JavaVirtualMachines/jdk1.8.0_45.jdk/Contents/Home/jre/lib/libnio.dylib
0x000000012032a000 	/Users/zoly/NetBeansProjects/spf4j/spf4j-experimental/target/jna-3744642/jna437416911106392662.tmp

VM Arguments:
jvm_args: -Djava.io.tmpdir=./target -Djava.io.tmpdir=./target -Xmx64m -XX:+PrintClassHistogramAfterFullGC -Dcom.sun.management.jmxremote -Dcom.sun.management.jmxremote.port=9999 -Dcom.sun.management.jmxremote.authenticate=false -Dcom.sun.management.jmxremote.ssl=false 
java_command: /Users/zoly/NetBeansProjects/spf4j/spf4j-experimental/target/surefire/surefirebooter1089943824853649138.jar /Users/zoly/NetBeansProjects/spf4j/spf4j-experimental/target/surefire/surefire3601482130111055557tmp /Users/zoly/NetBeansProjects/spf4j/spf4j-experimental/target/surefire/surefire_07988727875144540175tmp
java_class_path (initial): /Users/zoly/NetBeansProjects/spf4j/spf4j-experimental/target/surefire/surefirebooter1089943824853649138.jar
Launcher Type: SUN_STANDARD

Environment Variables:
JAVA_HOME=/Library/Java/JavaVirtualMachines/jdk1.8.0_45.jdk/Contents/Home
PATH=/opt/local/bin:/usr/bin:/bin:/usr/sbin:/sbin
LD_LIBRARY_PATH=/Library/Java/JavaVirtualMachines/jdk1.8.0_45.jdk/Contents/Home/jre/lib/amd64:/Library/Java/JavaVirtualMachines/jdk1.8.0_45.jdk/Contents/Home/jre/lib/i386:
SHELL=/bin/bash
DISPLAY=/private/tmp/com.apple.launchd.MYegodrTFI/org.macosforge.xquartz:0
DYLD_LIBRARY_PATH=/Applications/NetBeans/NetBeans 8.0.app/Contents/Resources/NetBeans/webcommon/bin:

Signal Handlers:
SIGSEGV: [libjvm.dylib+0x58ef95], sa_mask[0]=11111111011111110111111111111111, sa_flags=SA_ONSTACK|SA_RESTART|SA_SIGINFO
SIGBUS: [libjvm.dylib+0x58ef95], sa_mask[0]=11111111011111110111111111111111, sa_flags=SA_RESTART|SA_SIGINFO
SIGFPE: [libjvm.dylib+0x46c108], sa_mask[0]=11111111011111110111111111111111, sa_flags=SA_RESTART|SA_SIGINFO
SIGPIPE: [libjvm.dylib+0x46c108], sa_mask[0]=11111111011111110111111111111111, sa_flags=SA_RESTART|SA_SIGINFO
SIGXFSZ: [libjvm.dylib+0x46c108], sa_mask[0]=11111111011111110111111111111111, sa_flags=SA_RESTART|SA_SIGINFO
SIGILL: [libjvm.dylib+0x46c108], sa_mask[0]=11111111011111110111111111111111, sa_flags=SA_RESTART|SA_SIGINFO
SIGUSR1: SIG_DFL, sa_mask[0]=00000000000000000000000000000000, sa_flags=none
SIGUSR2: [libjvm.dylib+0x46bc26], sa_mask[0]=00100000000000000000000000000000, sa_flags=SA_RESTART|SA_SIGINFO
SIGHUP: [libjvm.dylib+0x46a1f9], sa_mask[0]=11111111011111110111111111111111, sa_flags=SA_RESTART|SA_SIGINFO
SIGINT: SIG_IGN, sa_mask[0]=00000000000000000000000000000000, sa_flags=none
SIGTERM: [libjvm.dylib+0x46a1f9], sa_mask[0]=11111111011111110111111111111111, sa_flags=SA_RESTART|SA_SIGINFO
SIGQUIT: [libjvm.dylib+0x46a1f9], sa_mask[0]=11111111011111110111111111111111, sa_flags=SA_RESTART|SA_SIGINFO


---------------  S Y S T E M  ---------------

OS:Bsduname:Darwin 14.3.0 Darwin Kernel Version 14.3.0: Mon Mar 23 11:59:05 PDT 2015; root:xnu-2782.20.48~5/RELEASE_X86_64 x86_64
rlimit: STACK 8192k, CORE 0k, NPROC 709, NOFILE 10240, AS infinity
load average:1.86 1.75 1.66

CPU:total 8 (4 cores per cpu, 2 threads per core) family 6 model 58 stepping 9, cmov, cx8, fxsr, mmx, sse, sse2, sse3, ssse3, sse4.1, sse4.2, popcnt, avx, aes, clmul, erms, ht, tsc, tscinvbit, tscinv

Memory: 4k page, physical 16777216k(1540048k free)

/proc/meminfo:


vm_info: Java HotSpot(TM) 64-Bit Server VM (25.45-b02) for bsd-amd64 JRE (1.8.0_45-b14), built on Apr 10 2015 10:46:38 by "java_re" with gcc 4.2.1 (Based on Apple Inc. build 5658) (LLVM build 2336.11.00)

time: Wed Jun  3 22:33:59 2015
elapsed time: 0 seconds (0d 0h 0m 0s)

